#-----------------------------------------------------------
# Vivado v2019.2 (64-bit)
# SW Build 2708876 on Wed Nov  6 21:40:23 MST 2019
# IP Build 2700528 on Thu Nov  7 00:09:20 MST 2019
# Start of session at: Wed Apr 14 14:38:09 2021
# Process ID: 6960
# Current directory: D:/ALU_tong
# Command line: vivado.exe -gui_launcher_event rodinguilauncherevent17740 D:\ALU_tong\ALU_tong.xpr
# Log file: D:/ALU_tong/vivado.log
# Journal file: D:/ALU_tong\vivado.jou
#-----------------------------------------------------------
start_gui
open_project D:/ALU_tong/ALU_tong.xpr
Scanning sources...
Finished scanning sources
INFO: [IP_Flow 19-234] Refreshing IP repositories
INFO: [IP_Flow 19-1704] No user IP repositories specified
INFO: [IP_Flow 19-2313] Loaded Vivado IP repository 'C:/Xilinx/Vivado/2019.2/data/ip'.
open_project: Time (s): cpu = 00:00:15 ; elapsed = 00:00:07 . Memory (MB): peak = 869.875 ; gain = 230.586
update_compile_order -fileset sources_1
export_ip_user_files -of_objects  [get_files D:/digilent-xdc-master/Basys-3-Master.xdc] -no_script -reset -force -quiet
remove_files  -fileset constrs_1 D:/digilent-xdc-master/Basys-3-Master.xdc
file mkdir D:/ALU_tong/ALU_tong.srcs/constrs_1
add_files -fileset constrs_1 -norecurse D:/ALU_tong/alu_tong.xdc
reset_run synth_1
launch_runs synth_1 -jobs 4
[Wed Apr 14 14:39:45 2021] Launched synth_1...
Run output will be captured here: D:/ALU_tong/ALU_tong.runs/synth_1/runme.log
launch_runs impl_1 -jobs 4
[Wed Apr 14 14:41:50 2021] Launched impl_1...
Run output will be captured here: D:/ALU_tong/ALU_tong.runs/impl_1/runme.log
launch_runs impl_1 -to_step write_bitstream -jobs 4
[Wed Apr 14 14:43:35 2021] Launched impl_1...
Run output will be captured here: D:/ALU_tong/ALU_tong.runs/impl_1/runme.log
open_hw_manager
connect_hw_server -allow_non_jtag
INFO: [Labtools 27-2285] Connecting to hw_server url TCP:localhost:3121
INFO: [Labtools 27-2222] Launching hw_server...
INFO: [Labtools 27-2221] Launch Output:

****** Xilinx hw_server v2019.2
  **** Build date : Nov  6 2019 at 22:12:23
    ** Copyright 1986-2019 Xilinx, Inc. All Rights Reserved.


INFO: [Labtools 27-3415] Connecting to cs_server url TCP:localhost:3042
INFO: [Labtools 27-3417] Launching cs_server...
INFO: [Labtools 27-2221] Launch Output:


****** Xilinx cs_server v2019.2.0
  **** Build date : Nov 07 2019-12:28:22
    ** Copyright 2017-2019 Xilinx, Inc. All Rights Reserved.



connect_hw_server: Time (s): cpu = 00:00:01 ; elapsed = 00:00:12 . Memory (MB): peak = 965.215 ; gain = 0.000
open_hw_target
INFO: [Labtoolstcl 44-466] Opening hw_target localhost:3121/xilinx_tcf/Digilent/210183637755A
set_property PROGRAM.FILE {D:/ALU_tong/ALU_tong.runs/impl_1/alu.bit} [get_hw_devices xc7a35t_0]
current_hw_device [get_hw_devices xc7a35t_0]
refresh_hw_device -update_hw_probes false [lindex [get_hw_devices xc7a35t_0] 0]
INFO: [Labtools 27-1434] Device xc7a35t (JTAG device index = 0) is programmed with a design that has no supported debug core(s) in it.
set_property PROBES.FILE {} [get_hw_devices xc7a35t_0]
set_property FULL_PROBES.FILE {} [get_hw_devices xc7a35t_0]
set_property PROGRAM.FILE {D:/ALU_tong/ALU_tong.runs/impl_1/alu.bit} [get_hw_devices xc7a35t_0]
program_hw_devices [get_hw_devices xc7a35t_0]
INFO: [Labtools 27-3164] End of startup status: HIGH
refresh_hw_device [lindex [get_hw_devices xc7a35t_0] 0]
INFO: [Labtools 27-1434] Device xc7a35t (JTAG device index = 0) is programmed with a design that has no supported debug core(s) in it.
reset_run synth_1
launch_runs synth_1 -jobs 4
[Wed Apr 14 14:45:31 2021] Launched synth_1...
Run output will be captured here: D:/ALU_tong/ALU_tong.runs/synth_1/runme.log
launch_runs impl_1 -jobs 4
[Wed Apr 14 14:46:15 2021] Launched impl_1...
Run output will be captured here: D:/ALU_tong/ALU_tong.runs/impl_1/runme.log
launch_runs impl_1 -to_step write_bitstream -jobs 4
[Wed Apr 14 14:47:31 2021] Launched impl_1...
Run output will be captured here: D:/ALU_tong/ALU_tong.runs/impl_1/runme.log
reset_run synth_1
launch_runs synth_1 -jobs 4
[Wed Apr 14 14:50:00 2021] Launched synth_1...
Run output will be captured here: D:/ALU_tong/ALU_tong.runs/synth_1/runme.log
launch_runs impl_1 -jobs 4
[Wed Apr 14 14:51:18 2021] Launched impl_1...
Run output will be captured here: D:/ALU_tong/ALU_tong.runs/impl_1/runme.log
launch_runs impl_1 -to_step write_bitstream -jobs 4
[Wed Apr 14 15:11:54 2021] Launched impl_1...
Run output will be captured here: D:/ALU_tong/ALU_tong.runs/impl_1/runme.log
reset_run synth_1
launch_runs synth_1 -jobs 4
[Wed Apr 14 15:15:14 2021] Launched synth_1...
Run output will be captured here: D:/ALU_tong/ALU_tong.runs/synth_1/runme.log
launch_runs impl_1 -jobs 4
[Wed Apr 14 15:17:21 2021] Launched impl_1...
Run output will be captured here: D:/ALU_tong/ALU_tong.runs/impl_1/runme.log
launch_runs impl_1 -to_step write_bitstream -jobs 4
[Wed Apr 14 15:20:17 2021] Launched impl_1...
Run output will be captured here: D:/ALU_tong/ALU_tong.runs/impl_1/runme.log
reset_run synth_1
launch_runs synth_1 -jobs 4
[Wed Apr 14 15:24:44 2021] Launched synth_1...
Run output will be captured here: D:/ALU_tong/ALU_tong.runs/synth_1/runme.log
launch_runs impl_1 -jobs 4
[Wed Apr 14 15:39:49 2021] Launched impl_1...
Run output will be captured here: D:/ALU_tong/ALU_tong.runs/impl_1/runme.log
launch_runs impl_1 -to_step write_bitstream -jobs 4
[Wed Apr 14 15:42:21 2021] Launched impl_1...
Run output will be captured here: D:/ALU_tong/ALU_tong.runs/impl_1/runme.log
reset_run synth_1
launch_runs synth_1 -jobs 4
[Wed Apr 14 15:43:53 2021] Launched synth_1...
Run output will be captured here: D:/ALU_tong/ALU_tong.runs/synth_1/runme.log
reset_run synth_1
launch_runs synth_1 -jobs 4
[Wed Apr 14 15:44:45 2021] Launched synth_1...
Run output will be captured here: D:/ALU_tong/ALU_tong.runs/synth_1/runme.log
reset_run synth_1
launch_runs synth_1 -jobs 4
[Wed Apr 14 15:47:29 2021] Launched synth_1...
Run output will be captured here: D:/ALU_tong/ALU_tong.runs/synth_1/runme.log
reset_run synth_1
launch_runs synth_1 -jobs 4
[Wed Apr 14 15:50:58 2021] Launched synth_1...
Run output will be captured here: D:/ALU_tong/ALU_tong.runs/synth_1/runme.log
launch_runs impl_1 -jobs 4
[Wed Apr 14 15:51:56 2021] Launched impl_1...
Run output will be captured here: D:/ALU_tong/ALU_tong.runs/impl_1/runme.log
exit
INFO: [Common 17-206] Exiting Vivado at Wed Apr 14 15:52:38 2021...
